Arguments: 
  /usr/local/bin/node /usr/local/bin/yarn add express express-handlebars body-parser

PATH: 
  /Users/admin/mongo/bin:/usr/local/bin:/usr/bin:/bin:/usr/sbin:/sbin:/Library/Frameworks/Mono.framework/Versions/Current/Commands:/Users/admin/mongo/bin

Yarn version: 
  1.6.0

Node version: 
  9.6.1

Platform: 
  darwin x64

Trace: 
  Error: https://registry.yarnpkg.com/express: ETIMEDOUT
      at Timeout._onTimeout (/usr/local/lib/node_modules/yarn/lib/cli.js:133819:19)
      at ontimeout (timers.js:460:11)
      at tryOnTimeout (timers.js:298:5)
      at Timer.listOnTimeout (timers.js:261:5)

npm manifest: 
  No manifest

yarn manifest: 
  No manifest

Lockfile: 
  No lockfile
